C:\Users\Notebook HP\Dropbox\Proyecto 2 2018\Proyecto Rural\Perfiles Transverzales.dwg,Presentación1,31-05-2018 4:28:06,Notebook HP,DWG To PDF.pc3,ISO expand A4 (210.00 x 297.00 mm),1:1,
C:\Users\Notebook HP\Dropbox\Proyecto 2 2018\Proyecto Rural\Perfiles Transverzales.dwg,Presentación1,31-05-2018 4:30:25,Notebook HP,DWG To PDF.pc3,ISO expand A4 (210.00 x 297.00 mm),1:1,
C:\Users\Notebook HP\Dropbox\Proyecto 2 2018\Proyecto Rural\Perfiles Transverzales.dwg,Presentación1,31-05-2018 5:26:31,Notebook HP,DWG To PDF.pc3,# (600.00 x 800.00 mm),1:1,
C:\Users\Notebook HP\Dropbox\Proyecto 2 2018\Proyecto Rural\Perfiles Transverzales.dwg,Presentación1,31-05-2018 5:59:20,Notebook HP,DWG To PDF.pc3,# (600.00 x 800.00 mm),1:1,
C:\Users\Notebook HP\Dropbox\Proyecto 2 2018\Proyecto Rural\Perfiles Transverzales.dwg,Presentación1,31-05-2018 14:23:38,Notebook HP,DWG To PDF.pc3,# (600.00 x 1300.00 mm),1:1,
C:\Users\Notebook HP\Dropbox\Proyecto 2 2018\Proyecto Rural\Perfiles Transverzales.dwg,Presentación1,31-05-2018 14:30:13,Notebook HP,DWG To PDF.pc3,# (600.00 x 1300.00 mm),1:1,
C:\Users\Notebook HP\Dropbox\Proyecto 2 2018\Proyecto Rural\Perfiles Transverzales.dwg,Presentación1,31-05-2018 14:48:44,Notebook HP,DWG To PDF.pc3,# (600.00 x 1300.00 mm),1:1,
C:\Users\Notebook HP\Dropbox\Proyecto 2 2018\Proyecto Rural\Perfiles Transverzales.dwg,Presentación1,31-05-2018 15:10:03,Notebook HP,DWG To PDF.pc3,# (600.00 x 1500.00 mm),1:1,
C:\Users\Notebook HP\Dropbox\Proyecto 2 2018\Proyecto Rural\Perfiles Transverzales.dwg,Presentación1,31-05-2018 15:14:40,Notebook HP,DWG To PDF.pc3,# (600.00 x 1400.00 mm),1:1,
C:\Users\Notebook HP\Dropbox\Proyecto 2 2018\Proyecto Rural\Perfiles Transverzales.dwg,Presentación1,31-05-2018 15:16:09,Notebook HP,DWG To PDF.pc3,# (600.00 x 1400.00 mm),1:1,
C:\Users\Notebook HP\Dropbox\Proyecto 2 2018\Proyecto Rural\Perfiles Transverzales.dwg,Presentación1,31-05-2018 15:20:42,Notebook HP,dhcppc5 (HP Designjet T120),A4,1:1,
C:\Users\Notebook HP\Dropbox\Proyecto 2 2018\Proyecto Rural\Perfiles Transverzales.dwg,Presentación1,31-05-2018 15:30:39,Notebook HP,HP Designjet T120 V4 (Copiar 1),A4,1:1,
C:\Users\Notebook HP\Dropbox\Proyecto 2 2018\Proyecto Rural\Perfiles Transverzales.dwg,Presentación1,31-05-2018 15:34:24,Notebook HP,DWG To PDF.pc3,# (600.00 x 1400.00 mm),1:1,
C:\Users\Notebook HP\Dropbox\Proyecto 2 2018\Proyecto Rural\Planialtimetria General.dwg,0+000.00 - 2+000.00,31-05-2018 15:52:47,Notebook HP,DWG To PDF.pc3,# (600.00 x 1400.00 mm),1:1,
C:\Users\Notebook HP\Dropbox\Proyecto 2 2018\Proyecto Rural\Planialtimetria General.dwg,0+000.00 - 2+000.00,31-05-2018 16:01:04,Notebook HP,DWG To PDF.pc3,# (600.00 x 1000.00 mm),1:1,
C:\Users\Notebook HP\Dropbox\Proyecto 2 2018\Proyecto Rural\Planialtimetria General.dwg,0+000.00 - 2+000.00,31-05-2018 16:14:34,Notebook HP,DWG To PDF.pc3,# (600.00 x 1000.00 mm),1:1,
C:\Users\Notebook HP\Dropbox\Proyecto 2 2018\Proyecto Rural\Planialtimetria General.dwg,0+000.00 - 2+000.00,31-05-2018 16:21:37,Notebook HP,DWG To PDF.pc3,# (600.00 x 1000.00 mm),1:1,
C:\Users\Notebook HP\Dropbox\Proyecto 2 2018\Proyecto Rural\Planialtimetria General.dwg,0+000.00 - 2+000.00,31-05-2018 16:23:14,Notebook HP,DWG To PDF.pc3,# (600.00 x 1000.00 mm),1:1,
C:\Users\Notebook HP\Dropbox\Proyecto 2 2018\Proyecto Rural\Planialtimetria General.dwg,0+000.00 - 2+000.00,31-05-2018 16:24:52,Notebook HP,HP Designjet T120 V4 (Copiar 1),A4,1:1,
C:\Users\Notebook HP\Dropbox\Proyecto 2 2018\Proyecto Rural\Planialtimetria General.dwg,0+000.00 - 2+000.00,31-05-2018 16:30:40,Notebook HP,DWG To PDF.pc3,# (600.00 x 1000.00 mm),1:1,
C:\Users\Notebook HP\Dropbox\Proyecto 2 2018\Proyecto Rural\Planialtimetria General.dwg,0+000.00 - 2+000.00,31-05-2018 16:33:09,Notebook HP,DWG To PDF.pc3,# (600.00 x 1000.00 mm),1:1,
C:\Users\Notebook HP\Dropbox\Proyecto 2 2018\Proyecto Rural\Planialtimetria General.dwg,0+000.00 - 2+000.00,31-05-2018 16:35:00,Notebook HP,HP Designjet T120 V4 (Copiar 1),A4,1:1,
C:\Users\Notebook HP\Dropbox\Proyecto 2 2018\Proyecto Rural\Planialtimetria General.dwg,0+000.00 - 2+000.00,31-05-2018 16:35:58,Notebook HP,HP Designjet T120 V4 (Copiar 1),A4,1:1,
C:\Users\Notebook HP\Dropbox\Proyecto 2 2018\Proyecto Rural\Planialtimetria General.dwg,0+000.00 - 2+000.00,31-05-2018 16:36:14,Notebook HP,DWG To PDF.pc3,# (600.00 x 1000.00 mm),1:1,
C:\Users\Notebook HP\Dropbox\Proyecto 2 2018\Proyecto Rural\Planialtimetria General.dwg,0+000.00 - 2+000.00,31-05-2018 16:56:46,Notebook HP,DWG To PDF.pc3,# (600.00 x 1000.00 mm),1:1,
C:\Users\Notebook HP\Dropbox\Proyecto 2 2018\Proyecto Rural\Planialtimetria General.dwg,2+000.00 - 4+000.00,29-06-2018 16:58:20,Notebook HP,DWG To PDF.pc3,# (600.00 x 1000.00 mm),1:1,
C:\Users\Notebook HP\Dropbox\Proyecto 2 2018\Proyecto Rural\Planialtimetria General.dwg,2+000.00 - 4+000.00,29-06-2018 17:00:27,Notebook HP,DWG To PDF.pc3,# (600.00 x 1000.00 mm),1:1,
C:\Users\Notebook HP\Dropbox\Proyecto 2 2018\Proyecto Rural\Planialtimetria General.dwg,6+000.00 - 8+000.00,02-07-2018 15:34:46,Notebook HP,DWG To PDF.pc3,# (600.00 x 1000.00 mm),1:1,
C:\Users\Notebook HP\Dropbox\Proyecto 2 2018\Proyecto Rural\Planialtimetria General.dwg,6+000.00 - 8+000.00,02-07-2018 15:46:21,Notebook HP,DWG To PDF.pc3,# (600.00 x 1000.00 mm),1:1,
C:\Users\Notebook HP\Dropbox\Proyecto 2 2018\Proyecto Rural\Planialtimetria General.dwg,8+000.00 - 10+000.00,02-07-2018 15:53:14,Notebook HP,DWG To PDF.pc3,# (600.00 x 1000.00 mm),1:1,
C:\Users\Notebook HP\Dropbox\Proyecto 2 2018\Proyecto Rural\Perfiles Transverzales.dwg,PTr  6000 a 8000,02-07-2018 19:18:25,Notebook HP,DWG To PDF.pc3,# (600.00 x 1800.00 mm),1:1,
C:\Users\Notebook HP\Dropbox\Proyecto 2 2018\Proyecto Rural\Perfiles Transverzales.dwg,PTr  6000 a 8000,02-07-2018 19:21:38,Notebook HP,DWG To PDF.pc3,# (600.00 x 1800.00 mm),1:1,
C:\Users\Notebook HP\Dropbox\Proyecto 2 2018\Proyecto Rural\Perfiles Transverzales.dwg,PTr  8000 a 10000,02-07-2018 21:08:32,Notebook HP,DWG To PDF.pc3,# (600.00 x 1800.00 mm),1:1,
C:\Users\Notebook HP\Dropbox\Proyecto 2 2018\Proyecto Rural\Perfiles Transverzales.dwg,PTr  8000 a 10000,03-07-2018 2:26:53,Notebook HP,DWG To PDF.pc3,# (600.00 x 1600.00 mm),1:1,
C:\Users\Notebook HP\Dropbox\Proyecto 2 2018\Proyecto Urbano\Planialtimetria Urbano.dwg,Planialtimetria Leonel Messi,03-07-2018 4:31:50,Notebook HP,DWG To PDF.pc3,# (500.00 x 850.00 mm),1:1,
